\BOOKMARK [0][-]{chapter.1}{\376\377\000I\000n\000t\000r\000o\000d\000u\000c\000t\000i\000o\000n}{}% 1
\BOOKMARK [1][-]{subsection.1.0.1}{\376\377\000e\000B\000P\000F\000\040\000B\000a\000c\000k\000g\000r\000o\000u\000n\000d}{chapter.1}% 2
\BOOKMARK [2][-]{subsection.1.0.2}{\376\377\000T\000h\000e\000\040\000B\000P\000F\000\040\000V\000e\000r\000i\000f\000i\000e\000r}{subsection.1.0.1}% 3
\BOOKMARK [2][-]{subsection.1.0.3}{\376\377\000T\000e\000s\000t\000i\000n\000g\000\040\000E\000n\000v\000i\000r\000o\000n\000m\000e\000n\000t}{subsection.1.0.1}% 4
\BOOKMARK [2][-]{subsection.1.0.4}{\376\377\000V\000M\000\040\000C\000o\000n\000f\000i\000g\000u\000r\000a\000t\000i\000o\000n}{subsection.1.0.1}% 5
\BOOKMARK [2][-]{subsection.1.0.5}{\376\377\000R\000e\000s\000u\000l\000t\000\040\000I\000n\000t\000e\000r\000p\000r\000e\000t\000a\000t\000i\000o\000n}{subsection.1.0.1}% 6
\BOOKMARK [0][-]{chapter.2}{\376\377\000V\000u\000l\000n\000e\000r\000a\000b\000i\000l\000i\000t\000i\000e\000s}{}% 7
\BOOKMARK [1][-]{section.2.1}{\376\377\000C\000V\000E\000-\0002\0000\0002\0003\000-\0003\0009\0001\0009\0001}{chapter.2}% 8
\BOOKMARK [2][-]{subsection.2.1.1}{\376\377\000O\000v\000e\000r\000v\000i\000e\000w}{section.2.1}% 9
\BOOKMARK [2][-]{subsection.2.1.2}{\376\377\000V\000u\000l\000n\000e\000r\000a\000b\000i\000l\000i\000t\000y\000\040\000A\000n\000a\000l\000y\000s\000i\000s}{section.2.1}% 10
\BOOKMARK [2][-]{subsection.2.1.3}{\376\377\000E\000x\000p\000l\000o\000i\000t\000\040\000P\000r\000i\000m\000i\000t\000i\000v\000e}{section.2.1}% 11
\BOOKMARK [2][-]{subsection.2.1.4}{\376\377\000E\000x\000p\000l\000o\000i\000t\000\040\000A\000r\000c\000h\000i\000t\000e\000c\000t\000u\000r\000e}{section.2.1}% 12
\BOOKMARK [2][-]{subsection.2.1.5}{\376\377\000F\000r\000o\000m\000\040\000O\000O\000B\000\040\000P\000r\000i\000m\000i\000t\000i\000v\000e\000\040\000t\000o\000\040\000R\000o\000o\000t}{section.2.1}% 13
\BOOKMARK [2][-]{subsection.2.1.6}{\376\377\000E\000x\000p\000e\000r\000i\000m\000e\000n\000t\000a\000l\000\040\000R\000e\000s\000u\000l\000t\000s}{section.2.1}% 14
\BOOKMARK [2][-]{subsection.2.1.7}{\376\377\000C\000o\000m\000p\000a\000r\000i\000s\000o\000n\000\040\000w\000i\000t\000h\000\040\000P\000r\000e\000v\000i\000o\000u\000s\000\040\000e\000B\000P\000F\000\040\000E\000x\000p\000l\000o\000i\000t\000s}{section.2.1}% 15
\BOOKMARK [2][-]{subsection.2.1.8}{\376\377\000P\000a\000t\000c\000h\000\040\000a\000n\000d\000\040\000M\000i\000t\000i\000g\000a\000t\000i\000o\000n}{section.2.1}% 16
\BOOKMARK [2][-]{subsection.2.1.9}{\376\377\000S\000e\000c\000u\000r\000i\000t\000y\000\040\000I\000m\000p\000a\000c\000t}{section.2.1}% 17
\BOOKMARK [1][-]{section.2.2}{\376\377\000C\000V\000E\000-\0002\0000\0002\0004\000-\0004\0002\0000\0007\0002}{chapter.2}% 18
\BOOKMARK [2][-]{subsection.2.2.1}{\376\377\000O\000v\000e\000r\000v\000i\000e\000w}{section.2.2}% 19
\BOOKMARK [2][-]{subsection.2.2.2}{\376\377\000T\000e\000c\000h\000n\000i\000c\000a\000l\000\040\000B\000a\000c\000k\000g\000r\000o\000u\000n\000d\000:\000\040\000m\000a\000y\000\137\000g\000o\000t\000o}{section.2.2}% 20
\BOOKMARK [2][-]{subsection.2.2.3}{\376\377\000V\000u\000l\000n\000e\000r\000a\000b\000l\000e\000\040\000C\000o\000d\000e\000\040\000L\000o\000g\000i\000c}{section.2.2}% 21
\BOOKMARK [2][-]{subsection.2.2.4}{\376\377\000E\000x\000p\000l\000o\000i\000t\000\040\000T\000e\000c\000h\000n\000i\000c\000a\000l\000\040\000B\000a\000c\000k\000g\000r\000o\000u\000n\000d}{section.2.2}% 22
\BOOKMARK [2][-]{subsection.2.2.5}{\376\377\000E\000x\000p\000l\000o\000i\000t\000\040\000E\000x\000e\000c\000u\000t\000i\000o\000n}{section.2.2}% 23
\BOOKMARK [2][-]{subsection.2.2.6}{\376\377\000I\000m\000p\000a\000c\000t\000\040\000A\000n\000a\000l\000y\000s\000i\000s}{section.2.2}% 24
\BOOKMARK [2][-]{subsection.2.2.7}{\376\377\000P\000a\000t\000c\000h\000\040\000a\000n\000d\000\040\000M\000i\000t\000i\000g\000a\000t\000i\000o\000n}{section.2.2}% 25
\BOOKMARK [2][-]{subsection.2.2.8}{\376\377\000S\000e\000c\000u\000r\000i\000t\000y\000\040\000I\000m\000p\000a\000c\000t}{section.2.2}% 26
\BOOKMARK [1][-]{section.2.3}{\376\377\000C\000V\000E\000-\0002\0000\0002\0004\000-\0004\0005\0000\0002\0000}{chapter.2}% 27
\BOOKMARK [2][-]{subsection.2.3.1}{\376\377\000O\000v\000e\000r\000v\000i\000e\000w}{section.2.3}% 28
\BOOKMARK [2][-]{subsection.2.3.2}{\376\377\000V\000u\000l\000n\000e\000r\000a\000b\000i\000l\000i\000t\000y\000\040\000A\000n\000a\000l\000y\000s\000i\000s}{section.2.3}% 29
\BOOKMARK [2][-]{subsection.2.3.3}{\376\377\000E\000x\000p\000l\000o\000i\000t\000\040\000P\000r\000i\000m\000i\000t\000i\000v\000e}{section.2.3}% 30
\BOOKMARK [2][-]{subsection.2.3.4}{\376\377\000E\000x\000p\000l\000o\000i\000t\000\040\000A\000r\000c\000h\000i\000t\000e\000c\000t\000u\000r\000e}{section.2.3}% 31
\BOOKMARK [2][-]{subsection.2.3.5}{\376\377\000E\000x\000p\000e\000r\000i\000m\000e\000n\000t\000a\000l\000\040\000R\000e\000s\000u\000l\000t\000s}{section.2.3}% 32
\BOOKMARK [2][-]{subsection.2.3.6}{\376\377\000C\000o\000m\000p\000a\000r\000i\000s\000o\000n\000\040\000w\000i\000t\000h\000\040\000P\000r\000e\000v\000i\000o\000u\000s\000\040\000e\000B\000P\000F\000\040\000E\000x\000p\000l\000o\000i\000t\000s}{section.2.3}% 33
\BOOKMARK [2][-]{subsection.2.3.7}{\376\377\000P\000a\000t\000c\000h\000\040\000a\000n\000d\000\040\000M\000i\000t\000i\000g\000a\000t\000i\000o\000n}{section.2.3}% 34
\BOOKMARK [2][-]{subsection.2.3.8}{\376\377\000S\000e\000c\000u\000r\000i\000t\000y\000\040\000I\000m\000p\000a\000c\000t}{section.2.3}% 35
\BOOKMARK [1][-]{section.2.4}{\376\377\000C\000V\000E\000-\0002\0000\0002\0004\000-\0005\0008\0001\0000\0000}{chapter.2}% 36
\BOOKMARK [2][-]{subsection.2.4.1}{\376\377\000O\000v\000e\000r\000v\000i\000e\000w}{section.2.4}% 37
\BOOKMARK [2][-]{subsection.2.4.2}{\376\377\000V\000u\000l\000n\000e\000r\000a\000b\000l\000e\000\040\000C\000o\000d\000e\000\040\000L\000o\000g\000i\000c}{section.2.4}% 38
\BOOKMARK [2][-]{subsection.2.4.3}{\376\377\000S\000p\000e\000c\000i\000a\000l\000\040\000E\000n\000v\000i\000r\000o\000n\000m\000e\000n\000t\000\040\000f\000o\000r\000\040\000C\000V\000E\000-\0002\0000\0002\0004\000-\0005\0008\0001\0000\0000}{section.2.4}% 39
\BOOKMARK [2][-]{subsection.2.4.4}{\376\377\000E\000x\000p\000l\000o\000i\000t\000\040\000P\000r\000i\000m\000i\000t\000i\000v\000e}{section.2.4}% 40
\BOOKMARK [2][-]{subsection.2.4.5}{\376\377\000E\000x\000p\000l\000o\000i\000t\000\040\000A\000r\000c\000h\000i\000t\000e\000c\000t\000u\000r\000e}{section.2.4}% 41
\BOOKMARK [2][-]{subsection.2.4.6}{\376\377\000E\000x\000p\000e\000r\000i\000m\000e\000n\000t\000a\000l\000\040\000R\000e\000s\000u\000l\000t\000s}{section.2.4}% 42
\BOOKMARK [2][-]{subsection.2.4.7}{\376\377\000C\000o\000m\000p\000a\000r\000i\000s\000o\000n\000\040\000w\000i\000t\000h\000\040\000P\000r\000e\000v\000i\000o\000u\000s\000\040\000e\000B\000P\000F\000\040\000E\000x\000p\000l\000o\000i\000t\000s}{section.2.4}% 43
\BOOKMARK [2][-]{subsection.2.4.8}{\376\377\000P\000a\000t\000c\000h\000\040\000a\000n\000d\000\040\000M\000i\000t\000i\000g\000a\000t\000i\000o\000n}{section.2.4}% 44
\BOOKMARK [2][-]{subsection.2.4.9}{\376\377\000S\000e\000c\000u\000r\000i\000t\000y\000\040\000I\000m\000p\000a\000c\000t}{section.2.4}% 45
